0 info it worked if it ends with ok
1 verbose cli [ 'C:\\Program Files\\nodejs\\node.exe',
1 verbose cli   'C:\\Program Files\\nodejs\\node_modules\\npm\\bin\\npm-cli.js',
1 verbose cli   'run',
1 verbose cli   'sass-watch' ]
2 info using npm@3.10.10
3 info using node@v6.9.5
4 verbose run-script [ 'presass-watch', 'sass-watch', 'postsass-watch' ]
5 info lifecycle website-data@1.0.0~presass-watch: website-data@1.0.0
6 silly lifecycle website-data@1.0.0~presass-watch: no script for presass-watch, continuing
7 info lifecycle website-data@1.0.0~sass-watch: website-data@1.0.0
8 verbose lifecycle website-data@1.0.0~sass-watch: unsafe-perm in lifecycle true
9 verbose lifecycle website-data@1.0.0~sass-watch: PATH: C:\Program Files\nodejs\node_modules\npm\bin\node-gyp-bin;D:\Users\Tommy\Documents\Webpage Stuff\Resume_Webpage_Zeta\node_modules\.bin;C:\Windows\system32;C:\Windows;C:\Windows\System32\Wbem;C:\Windows\System32\WindowsPowerShell\v1.0\;C:\Program Files (x86)\NVIDIA Corporation\PhysX\Common;C:\Program Files\nodejs\;C:\Ruby25-x64\bin;C:\Users\Tommy\AppData\Roaming\npm;C:\Users\Tommy\AppData\Local\Programs\Microsoft VS Code\bin;C:\Users\Tommy\AppData\Local\Programs\Git\cmd
10 verbose lifecycle website-data@1.0.0~sass-watch: CWD: D:\Users\Tommy\Documents\Webpage Stuff\Resume_Webpage_Zeta
11 silly lifecycle website-data@1.0.0~sass-watch: Args: [ '/d /s /c',
11 silly lifecycle   'sass --watch src/sass/styles.scss:css/styles.css' ]
12 verbose stack Error: kill ENOSYS
12 verbose stack     at exports._errnoException (util.js:1022:11)
12 verbose stack     at process.kill (internal/process.js:172:13)
12 verbose stack     at process.listener (C:\Program Files\nodejs\node_modules\npm\node_modules\npmlog\node_modules\gauge\node_modules\signal-exit\index.js:86:15)
12 verbose stack     at emitNone (events.js:91:20)
12 verbose stack     at process.emit (events.js:185:7)
12 verbose stack     at processEmit (C:\Program Files\nodejs\node_modules\npm\node_modules\npmlog\node_modules\gauge\node_modules\signal-exit\index.js:146:32)
12 verbose stack     at processEmit (C:\Program Files\nodejs\node_modules\npm\node_modules\npm-registry-client\node_modules\npmlog\node_modules\gauge\node_modules\signal-exit\index.js:146:32)
12 verbose stack     at Signal.wrap.onsignal (internal/process.js:199:44)
13 verbose cwd D:\Users\Tommy\Documents\Webpage Stuff\Resume_Webpage_Zeta
14 error Windows_NT 6.1.7601
15 error argv "C:\\Program Files\\nodejs\\node.exe" "C:\\Program Files\\nodejs\\node_modules\\npm\\bin\\npm-cli.js" "run" "sass-watch"
16 error node v6.9.5
17 error npm  v3.10.10
18 error code ENOSYS
19 error errno ENOSYS
20 error syscall kill
21 error kill ENOSYS
22 error If you need help, you may report this error at:
22 error     <https://github.com/npm/npm/issues>
23 verbose exit [ 1, true ]
